Change Component Designator: Old Designator=C9 New Designator=C11
Change Component Designator: Old Designator=C10 New Designator=C12
Change Component Designator: Old Designator=C12 New Designator=C14
Change Component Designator: Old Designator=C13 New Designator=C15
Change Component Designator: Old Designator=C15 New Designator=C17
Change Component Designator: Old Designator=C16 New Designator=C8
Change Component Designator: Old Designator=C17 New Designator=C9
Change Component Designator: Old Designator=C22 New Designator=C24
Change Component Designator: Old Designator=C23 New Designator=C25
Change Component Designator: Old Designator=C24 New Designator=C26
Change Component Designator: Old Designator=C25 New Designator=C27
Change Component Designator: Old Designator=C? New Designator=C10
Change Component Designator: Old Designator=C? New Designator=C13
Change Component Designator: Old Designator=C? New Designator=C16
Change Component Designator: Old Designator=C? New Designator=C22
Change Component Designator: Old Designator=C? New Designator=C23
Change Component Designator: Old Designator=TP9 New Designator=TP10
Change Component Designator: Old Designator=TP? New Designator=TP9
Change Component Designator: Old Designator=U6 New Designator=U7
Change Component Designator: Old Designator=U? New Designator=U6
