Change Component Designator: Old Designator=C3 New Designator=C5
Change Component Designator: Old Designator=C4 New Designator=C6
Change Component Designator: Old Designator=C5 New Designator=C7
Change Component Designator: Old Designator=C6 New Designator=C4
Change Component Designator: Old Designator=C7 New Designator=C8
Change Component Designator: Old Designator=C8 New Designator=C9
Change Component Designator: Old Designator=C20 New Designator=C3
Change Component Designator: Old Designator=C29 New Designator=C10
Change Component Designator: Old Designator=C30 New Designator=C11
Change Component Designator: Old Designator=C31 New Designator=C14
Change Component Designator: Old Designator=C32 New Designator=C12
Change Component Designator: Old Designator=C33 New Designator=C13
Change Component Designator: Old Designator=C34 New Designator=C15
Change Component Designator: Old Designator=C35 New Designator=C16
Change Component Designator: Old Designator=C36 New Designator=C17
Change Component Designator: Old Designator=C37 New Designator=C18
Change Component Designator: Old Designator=C38 New Designator=C19
Change Component Designator: Old Designator=C39 New Designator=C20
Change Component Designator: Old Designator=C40 New Designator=C21
Change Component Designator: Old Designator=C41 New Designator=C22
Change Component Designator: Old Designator=C42 New Designator=C23
Change Component Designator: Old Designator=H3 New Designator=H5
Change Component Designator: Old Designator=L3 New Designator=L1
Change Component Designator: Old Designator=L4 New Designator=L2
Change Component Designator: Old Designator=Q2 New Designator=Q1
Change Component Designator: Old Designator=R3 New Designator=R7
Change Component Designator: Old Designator=R4 New Designator=R8
Change Component Designator: Old Designator=R11 New Designator=R5
Change Component Designator: Old Designator=R13 New Designator=R6
Change Component Designator: Old Designator=R16 New Designator=R9
Change Component Designator: Old Designator=U6 New Designator=U3
Change Component Designator: Old Designator=U7 New Designator=U2
Change Component Designator: Old Designator=U8 New Designator=U4
Change Component Designator: Old Designator=U9 New Designator=U5
