Change Component Designator: OldDesignator=H4 NewDesignator=LED_TAPE
Change Component Designator: OldDesignator=H5 NewDesignator=Bumper
Change Component Designator: OldDesignator=H10 NewDesignator=US
Change Component Designator: OldDesignator=H11 NewDesignator=M_1
Change Component Designator: OldDesignator=H14 NewDesignator=M_2
Added Component: Designator=M_3(MOLEX_KK_2_HDR)
Add component. Clean all parameters for all variants
Add component (AddParameter): Name = "Manufacturer"; Value = ""; VariantName = "[No Variations]"
Add component (AddParameter): Name = "Manufacturer PN"; Value = ""; VariantName = "[No Variations]"
Add component (AddParameter): Name = "Storage Location"; Value = "ECE Dept Store"; VariantName = "[No Variations]"
Add component (AddParameter): Name = "Supplier"; Value = "ECE Dept"; VariantName = "[No Variations]"
Add component (AddParameter): Name = "Supplier 1"; Value = "Farnell"; VariantName = "[No Variations]"
Add component (AddParameter): Name = "Supplier 2"; Value = ""; VariantName = "[No Variations]"
Add component (AddParameter): Name = "Supplier Part Number 1"; Value = "1462926"; VariantName = "[No Variations]"
Add component (AddParameter): Name = "Supplier Part Number 2"; Value = ""; VariantName = "[No Variations]"
Add component (AddParameter): Name = "Value"; Value = "2 Pin Molex KK HDR"; VariantName = "[No Variations]"
Added Pin To Net: NetName=NetU6_2 Pin=M_3-1
Added Pin To Net: NetName=NetU6_4 Pin=M_3-2
Change Net Name : Old Net Name=NetH4_2 New Net Name=NetLED_OUT_1
Change Net Name : Old Net Name=NetH5_2 New Net Name=NetBumper_2
Change Net Name : Old Net Name=NetH10_2 New Net Name=NetU1_11
Change Net Name : Old Net Name=NetH10_3 New Net Name=NetR17_2
Change Net Name : Old Net Name=NetH11_1 New Net Name=NetM_1_1
Change Net Name : Old Net Name=NetH11_2 New Net Name=NetM_1_2
Change Net Name : Old Net Name=NetH14_1 New Net Name=NetM_2_1
Change Net Name : Old Net Name=NetH14_2 New Net Name=NetM_2_2
Change Net Name : Old Net Name=NetU6_2 New Net Name=NetM_3_1
Change Net Name : Old Net Name=NetU6_4 New Net Name=NetM_3_2
Added Member To Class: ClassName=Headers Member=Component M_3 2 Pin Molex KK HDR
Added Room: Name=Headers
Added Room: Name=MCU
Added Room: Name=Power
Added Room: Name=TestPoints
Added Rule: Name=Schematic Clearance Constraint
