Removed Pin From Net: NetName=NetLVL_CON1_3 Pin=U1-33
Removed Pin From Net: NetName=NetH-Bridge_1_1 Pin=U1-34
Removed Pin From Net: NetName=NetR14_1 Pin=U1-49
Removed Member From Class: ClassName=MCU Member=C5
Change Component DesignItemId : Designator=M1 Old DesignItemId=TP_0603 New DesignItemId=TP_1206
Change Component DesignItemId : Designator=M2 Old DesignItemId=TP_0603 New DesignItemId=TP_1206
Change Component DesignItemId : Designator=M3 Old DesignItemId=TP_0603 New DesignItemId=TP_1206
Change Component DesignItemId : Designator=M4 Old DesignItemId=TP_0603 New DesignItemId=TP_1206
Change Component DesignItemId : Designator=M5 Old DesignItemId=TP_0603 New DesignItemId=TP_1206
Change Component DesignItemId : Designator=M6 Old DesignItemId=TP_0603 New DesignItemId=TP_1206
Change Component DesignItemId : Designator=MISO1 Old DesignItemId=TP_0603 New DesignItemId=TP_1206
Change Component DesignItemId : Designator=MOSI1 Old DesignItemId=TP_0603 New DesignItemId=TP_1206
Change Component DesignItemId : Designator=SCK1 Old DesignItemId=TP_0603 New DesignItemId=TP_1206
Change Component DesignItemId : Designator=USB_DET1 Old DesignItemId=TP_0603 New DesignItemId=TP_1206
Change Component DesignItemId : Designator=VBATT_IND1 Old DesignItemId=TP_0603 New DesignItemId=TP_1206
Change Component Footprint: Designator=M1 Old Footprint=TP_0603 New Footprint=TP_1206
Change Component Footprint: Designator=M2 Old Footprint=TP_0603 New Footprint=TP_1206
Change Component Footprint: Designator=M3 Old Footprint=TP_0603 New Footprint=TP_1206
Change Component Footprint: Designator=M4 Old Footprint=TP_0603 New Footprint=TP_1206
Change Component Footprint: Designator=M5 Old Footprint=TP_0603 New Footprint=TP_1206
Change Component Footprint: Designator=M6 Old Footprint=TP_0603 New Footprint=TP_1206
Change Component Footprint: Designator=MISO1 Old Footprint=TP_0603 New Footprint=TP_1206
Change Component Footprint: Designator=MOSI1 Old Footprint=TP_0603 New Footprint=TP_1206
Change Component Footprint: Designator=SCK1 Old Footprint=TP_0603 New Footprint=TP_1206
Change Component Footprint: Designator=USB_DET1 Old Footprint=TP_0603 New Footprint=TP_1206
Change Component Footprint: Designator=VBATT_IND1 Old Footprint=TP_0603 New Footprint=TP_1206
Change Component Comment : Designator=M1 Old Comment==Value New Comment=TP
Change Component Comment : Designator=M2 Old Comment==Value New Comment=TP
Change Component Comment : Designator=M3 Old Comment==Value New Comment=TP
Change Component Comment : Designator=M4 Old Comment==Value New Comment=TP
Change Component Comment : Designator=M5 Old Comment==Value New Comment=TP
Change Component Comment : Designator=M6 Old Comment==Value New Comment=TP
Change Component Comment : Designator=MOSI1 Old Comment==Value New Comment=TP
Change Component Comment : Designator=SCK1 Old Comment==Value New Comment=TP
Change Component Comment : Designator=USB_DET1 Old Comment==Value New Comment=TP
Change Component Comment : Designator=VBATT_IND1 Old Comment==Value New Comment=TP
Change Component Comment : Designator=MISO1 Old Comment=TP_0603 New Comment=TP
Change Component Description : Designator=M1 Old Description=Test Point 1.65X0.9X1.2mm SMD New Description=Test-Point 3.3x1.6x2.1mm SMD
Change Component Description : Designator=M2 Old Description=Test Point 1.65X0.9X1.2mm SMD New Description=Test-Point 3.3x1.6x2.1mm SMD
Change Component Description : Designator=M3 Old Description=Test Point 1.65X0.9X1.2mm SMD New Description=Test-Point 3.3x1.6x2.1mm SMD
Change Component Description : Designator=M4 Old Description=Test Point 1.65X0.9X1.2mm SMD New Description=Test-Point 3.3x1.6x2.1mm SMD
Change Component Description : Designator=M5 Old Description=Test Point 1.65X0.9X1.2mm SMD New Description=Test-Point 3.3x1.6x2.1mm SMD
Change Component Description : Designator=M6 Old Description=Test Point 1.65X0.9X1.2mm SMD New Description=Test-Point 3.3x1.6x2.1mm SMD
Change Component Description : Designator=MISO1 Old Description=Test Point 1.65X0.9X1.2mm SMD New Description=Test-Point 3.3x1.6x2.1mm SMD
Change Component Description : Designator=MOSI1 Old Description=Test Point 1.65X0.9X1.2mm SMD New Description=Test-Point 3.3x1.6x2.1mm SMD
Change Component Description : Designator=SCK1 Old Description=Test Point 1.65X0.9X1.2mm SMD New Description=Test-Point 3.3x1.6x2.1mm SMD
Change Component Description : Designator=USB_DET1 Old Description=Test Point 1.65X0.9X1.2mm SMD New Description=Test-Point 3.3x1.6x2.1mm SMD
Change Component Description : Designator=VBATT_IND1 Old Description=Test Point 1.65X0.9X1.2mm SMD New Description=Test-Point 3.3x1.6x2.1mm SMD
Change Component Kind : Designator=VBATT_IND1 Old Kind=Standard New Kind=Standard (No BOM)
Change Component Kind : Designator=USB_DET1 Old Kind=Standard New Kind=Standard (No BOM)
Change Component Kind : Designator=SCK1 Old Kind=Standard New Kind=Standard (No BOM)
Change Component Kind : Designator=MOSI1 Old Kind=Standard New Kind=Standard (No BOM)
Change Component Kind : Designator=MISO1 Old Kind=Standard New Kind=Standard (No BOM)
Change Component Kind : Designator=M6 Old Kind=Standard New Kind=Standard (No BOM)
Change Component Kind : Designator=M5 Old Kind=Standard New Kind=Standard (No BOM)
Change Component Kind : Designator=M4 Old Kind=Standard New Kind=Standard (No BOM)
Change Component Kind : Designator=M3 Old Kind=Standard New Kind=Standard (No BOM)
Change Component Kind : Designator=M2 Old Kind=Standard New Kind=Standard (No BOM)
Change Component Kind : Designator=M1 Old Kind=Standard New Kind=Standard (No BOM)
Change component parameters: Designator = "M1"; Footprint = "TP_1206"; UniqueID = "\HBWZZQSW"
Change component parameters. Clean all parameters for all variants
Change component parameters (AddParameter): Name = "Manufacturer"; Value = "Harwin Inc"; VariantName = "[No Variations]"
Change component parameters (AddParameter): Name = "Manufacturer Part Number"; Value = "S1751-46R"; VariantName = "[No Variations]"
Change component parameters (AddParameter): Name = "Manufacturer PN"; Value = ""; VariantName = "[No Variations]"
Change component parameters (AddParameter): Name = "Mounting Type"; Value = "Surface Mount"; VariantName = "[No Variations]"
Change component parameters (AddParameter): Name = "Price"; Value = ""; VariantName = "[No Variations]"
Change component parameters (AddParameter): Name = "Storage Location"; Value = "ProtoPlace"; VariantName = "[No Variations]"
Change component parameters (AddParameter): Name = "Supplier"; Value = "ECE Dept"; VariantName = "[No Variations]"
Change component parameters (AddParameter): Name = "Supplier 1"; Value = "Digi-Key"; VariantName = "[No Variations]"
Change component parameters (AddParameter): Name = "Supplier 2"; Value = "Farnell"; VariantName = "[No Variations]"
Change component parameters (AddParameter): Name = "Supplier Part Number 1"; Value = "952-1478-2-ND"; VariantName = "[No Variations]"
Change component parameters (AddParameter): Name = "Supplier Part Number 2"; Value = "1826282"; VariantName = "[No Variations]"
Change component parameters (AddParameter): Name = "Type"; Value = "PC Test Point"; VariantName = "[No Variations]"
Change component parameters (AddParameter): Name = "Value"; Value = "TP"; VariantName = "[No Variations]"
Change component parameters (AddParameter): Name = "Verify"; Value = ""; VariantName = "[No Variations]"
Change component parameters: Designator = "M2"; Footprint = "TP_1206"; UniqueID = "\ULXFXAOV"
Change component parameters. Clean all parameters for all variants
Change component parameters (AddParameter): Name = "Manufacturer"; Value = "Harwin Inc"; VariantName = "[No Variations]"
Change component parameters (AddParameter): Name = "Manufacturer Part Number"; Value = "S1751-46R"; VariantName = "[No Variations]"
Change component parameters (AddParameter): Name = "Manufacturer PN"; Value = ""; VariantName = "[No Variations]"
Change component parameters (AddParameter): Name = "Mounting Type"; Value = "Surface Mount"; VariantName = "[No Variations]"
Change component parameters (AddParameter): Name = "Price"; Value = ""; VariantName = "[No Variations]"
Change component parameters (AddParameter): Name = "Storage Location"; Value = "ProtoPlace"; VariantName = "[No Variations]"
Change component parameters (AddParameter): Name = "Supplier"; Value = "ECE Dept"; VariantName = "[No Variations]"
Change component parameters (AddParameter): Name = "Supplier 1"; Value = "Digi-Key"; VariantName = "[No Variations]"
Change component parameters (AddParameter): Name = "Supplier 2"; Value = "Farnell"; VariantName = "[No Variations]"
Change component parameters (AddParameter): Name = "Supplier Part Number 1"; Value = "952-1478-2-ND"; VariantName = "[No Variations]"
Change component parameters (AddParameter): Name = "Supplier Part Number 2"; Value = "1826282"; VariantName = "[No Variations]"
Change component parameters (AddParameter): Name = "Type"; Value = "PC Test Point"; VariantName = "[No Variations]"
Change component parameters (AddParameter): Name = "Value"; Value = "TP"; VariantName = "[No Variations]"
Change component parameters (AddParameter): Name = "Verify"; Value = ""; VariantName = "[No Variations]"
Change component parameters: Designator = "M3"; Footprint = "TP_1206"; UniqueID = "\UWSCCWEH"
Change component parameters. Clean all parameters for all variants
Change component parameters (AddParameter): Name = "Manufacturer"; Value = "Harwin Inc"; VariantName = "[No Variations]"
Change component parameters (AddParameter): Name = "Manufacturer Part Number"; Value = "S1751-46R"; VariantName = "[No Variations]"
Change component parameters (AddParameter): Name = "Manufacturer PN"; Value = ""; VariantName = "[No Variations]"
Change component parameters (AddParameter): Name = "Mounting Type"; Value = "Surface Mount"; VariantName = "[No Variations]"
Change component parameters (AddParameter): Name = "Price"; Value = ""; VariantName = "[No Variations]"
Change component parameters (AddParameter): Name = "Storage Location"; Value = "ProtoPlace"; VariantName = "[No Variations]"
Change component parameters (AddParameter): Name = "Supplier"; Value = "ECE Dept"; VariantName = "[No Variations]"
Change component parameters (AddParameter): Name = "Supplier 1"; Value = "Digi-Key"; VariantName = "[No Variations]"
Change component parameters (AddParameter): Name = "Supplier 2"; Value = "Farnell"; VariantName = "[No Variations]"
Change component parameters (AddParameter): Name = "Supplier Part Number 1"; Value = "952-1478-2-ND"; VariantName = "[No Variations]"
Change component parameters (AddParameter): Name = "Supplier Part Number 2"; Value = "1826282"; VariantName = "[No Variations]"
Change component parameters (AddParameter): Name = "Type"; Value = "PC Test Point"; VariantName = "[No Variations]"
Change component parameters (AddParameter): Name = "Value"; Value = "TP"; VariantName = "[No Variations]"
Change component parameters (AddParameter): Name = "Verify"; Value = ""; VariantName = "[No Variations]"
Change component parameters: Designator = "M4"; Footprint = "TP_1206"; UniqueID = "\FTZVOKBO"
Change component parameters. Clean all parameters for all variants
Change component parameters (AddParameter): Name = "Manufacturer"; Value = "Harwin Inc"; VariantName = "[No Variations]"
Change component parameters (AddParameter): Name = "Manufacturer Part Number"; Value = "S1751-46R"; VariantName = "[No Variations]"
Change component parameters (AddParameter): Name = "Manufacturer PN"; Value = ""; VariantName = "[No Variations]"
Change component parameters (AddParameter): Name = "Mounting Type"; Value = "Surface Mount"; VariantName = "[No Variations]"
Change component parameters (AddParameter): Name = "Price"; Value = ""; VariantName = "[No Variations]"
Change component parameters (AddParameter): Name = "Storage Location"; Value = "ProtoPlace"; VariantName = "[No Variations]"
Change component parameters (AddParameter): Name = "Supplier"; Value = "ECE Dept"; VariantName = "[No Variations]"
Change component parameters (AddParameter): Name = "Supplier 1"; Value = "Digi-Key"; VariantName = "[No Variations]"
Change component parameters (AddParameter): Name = "Supplier 2"; Value = "Farnell"; VariantName = "[No Variations]"
Change component parameters (AddParameter): Name = "Supplier Part Number 1"; Value = "952-1478-2-ND"; VariantName = "[No Variations]"
Change component parameters (AddParameter): Name = "Supplier Part Number 2"; Value = "1826282"; VariantName = "[No Variations]"
Change component parameters (AddParameter): Name = "Type"; Value = "PC Test Point"; VariantName = "[No Variations]"
Change component parameters (AddParameter): Name = "Value"; Value = "TP"; VariantName = "[No Variations]"
Change component parameters (AddParameter): Name = "Verify"; Value = ""; VariantName = "[No Variations]"
Change component parameters: Designator = "M5"; Footprint = "TP_1206"; UniqueID = "\RTUUULUL"
Change component parameters. Clean all parameters for all variants
Change component parameters (AddParameter): Name = "Manufacturer"; Value = "Harwin Inc"; VariantName = "[No Variations]"
Change component parameters (AddParameter): Name = "Manufacturer Part Number"; Value = "S1751-46R"; VariantName = "[No Variations]"
Change component parameters (AddParameter): Name = "Manufacturer PN"; Value = ""; VariantName = "[No Variations]"
Change component parameters (AddParameter): Name = "Mounting Type"; Value = "Surface Mount"; VariantName = "[No Variations]"
Change component parameters (AddParameter): Name = "Price"; Value = ""; VariantName = "[No Variations]"
Change component parameters (AddParameter): Name = "Storage Location"; Value = "ProtoPlace"; VariantName = "[No Variations]"
Change component parameters (AddParameter): Name = "Supplier"; Value = "ECE Dept"; VariantName = "[No Variations]"
Change component parameters (AddParameter): Name = "Supplier 1"; Value = "Digi-Key"; VariantName = "[No Variations]"
Change component parameters (AddParameter): Name = "Supplier 2"; Value = "Farnell"; VariantName = "[No Variations]"
Change component parameters (AddParameter): Name = "Supplier Part Number 1"; Value = "952-1478-2-ND"; VariantName = "[No Variations]"
Change component parameters (AddParameter): Name = "Supplier Part Number 2"; Value = "1826282"; VariantName = "[No Variations]"
Change component parameters (AddParameter): Name = "Type"; Value = "PC Test Point"; VariantName = "[No Variations]"
Change component parameters (AddParameter): Name = "Value"; Value = "TP"; VariantName = "[No Variations]"
Change component parameters (AddParameter): Name = "Verify"; Value = ""; VariantName = "[No Variations]"
Change component parameters: Designator = "M6"; Footprint = "TP_1206"; UniqueID = "\QEGEWMJX"
Change component parameters. Clean all parameters for all variants
Change component parameters (AddParameter): Name = "Manufacturer"; Value = "Harwin Inc"; VariantName = "[No Variations]"
Change component parameters (AddParameter): Name = "Manufacturer Part Number"; Value = "S1751-46R"; VariantName = "[No Variations]"
Change component parameters (AddParameter): Name = "Manufacturer PN"; Value = ""; VariantName = "[No Variations]"
Change component parameters (AddParameter): Name = "Mounting Type"; Value = "Surface Mount"; VariantName = "[No Variations]"
Change component parameters (AddParameter): Name = "Price"; Value = ""; VariantName = "[No Variations]"
Change component parameters (AddParameter): Name = "Storage Location"; Value = "ProtoPlace"; VariantName = "[No Variations]"
Change component parameters (AddParameter): Name = "Supplier"; Value = "ECE Dept"; VariantName = "[No Variations]"
Change component parameters (AddParameter): Name = "Supplier 1"; Value = "Digi-Key"; VariantName = "[No Variations]"
Change component parameters (AddParameter): Name = "Supplier 2"; Value = "Farnell"; VariantName = "[No Variations]"
Change component parameters (AddParameter): Name = "Supplier Part Number 1"; Value = "952-1478-2-ND"; VariantName = "[No Variations]"
Change component parameters (AddParameter): Name = "Supplier Part Number 2"; Value = "1826282"; VariantName = "[No Variations]"
Change component parameters (AddParameter): Name = "Type"; Value = "PC Test Point"; VariantName = "[No Variations]"
Change component parameters (AddParameter): Name = "Value"; Value = "TP"; VariantName = "[No Variations]"
Change component parameters (AddParameter): Name = "Verify"; Value = ""; VariantName = "[No Variations]"
Change component parameters: Designator = "MISO1"; Footprint = "TP_1206"; UniqueID = "\IYKOLTHD"
Change component parameters. Clean all parameters for all variants
Change component parameters (AddParameter): Name = "Manufacturer"; Value = "Harwin Inc"; VariantName = "[No Variations]"
Change component parameters (AddParameter): Name = "Manufacturer Part Number"; Value = "S1751-46R"; VariantName = "[No Variations]"
Change component parameters (AddParameter): Name = "Manufacturer PN"; Value = ""; VariantName = "[No Variations]"
Change component parameters (AddParameter): Name = "Mounting Type"; Value = "Surface Mount"; VariantName = "[No Variations]"
Change component parameters (AddParameter): Name = "Price"; Value = ""; VariantName = "[No Variations]"
Change component parameters (AddParameter): Name = "Storage Location"; Value = "ProtoPlace"; VariantName = "[No Variations]"
Change component parameters (AddParameter): Name = "Supplier"; Value = "ECE Dept"; VariantName = "[No Variations]"
Change component parameters (AddParameter): Name = "Supplier 1"; Value = "Digi-Key"; VariantName = "[No Variations]"
Change component parameters (AddParameter): Name = "Supplier 2"; Value = "Farnell"; VariantName = "[No Variations]"
Change component parameters (AddParameter): Name = "Supplier Part Number 1"; Value = "952-1478-2-ND"; VariantName = "[No Variations]"
Change component parameters (AddParameter): Name = "Supplier Part Number 2"; Value = "1826282"; VariantName = "[No Variations]"
Change component parameters (AddParameter): Name = "Type"; Value = "PC Test Point"; VariantName = "[No Variations]"
Change component parameters (AddParameter): Name = "Value"; Value = "TP"; VariantName = "[No Variations]"
Change component parameters (AddParameter): Name = "Verify"; Value = ""; VariantName = "[No Variations]"
Change component parameters: Designator = "MOSI1"; Footprint = "TP_1206"; UniqueID = "\RJSQHNME"
Change component parameters. Clean all parameters for all variants
Change component parameters (AddParameter): Name = "Manufacturer"; Value = "Harwin Inc"; VariantName = "[No Variations]"
Change component parameters (AddParameter): Name = "Manufacturer Part Number"; Value = "S1751-46R"; VariantName = "[No Variations]"
Change component parameters (AddParameter): Name = "Manufacturer PN"; Value = ""; VariantName = "[No Variations]"
Change component parameters (AddParameter): Name = "Mounting Type"; Value = "Surface Mount"; VariantName = "[No Variations]"
Change component parameters (AddParameter): Name = "Price"; Value = ""; VariantName = "[No Variations]"
Change component parameters (AddParameter): Name = "Storage Location"; Value = "ProtoPlace"; VariantName = "[No Variations]"
Change component parameters (AddParameter): Name = "Supplier"; Value = "ECE Dept"; VariantName = "[No Variations]"
Change component parameters (AddParameter): Name = "Supplier 1"; Value = "Digi-Key"; VariantName = "[No Variations]"
Change component parameters (AddParameter): Name = "Supplier 2"; Value = "Farnell"; VariantName = "[No Variations]"
Change component parameters (AddParameter): Name = "Supplier Part Number 1"; Value = "952-1478-2-ND"; VariantName = "[No Variations]"
Change component parameters (AddParameter): Name = "Supplier Part Number 2"; Value = "1826282"; VariantName = "[No Variations]"
Change component parameters (AddParameter): Name = "Type"; Value = "PC Test Point"; VariantName = "[No Variations]"
Change component parameters (AddParameter): Name = "Value"; Value = "TP"; VariantName = "[No Variations]"
Change component parameters (AddParameter): Name = "Verify"; Value = ""; VariantName = "[No Variations]"
Change component parameters: Designator = "SCK1"; Footprint = "TP_1206"; UniqueID = "\UPZGGEZW"
Change component parameters. Clean all parameters for all variants
Change component parameters (AddParameter): Name = "Manufacturer"; Value = "Harwin Inc"; VariantName = "[No Variations]"
Change component parameters (AddParameter): Name = "Manufacturer Part Number"; Value = "S1751-46R"; VariantName = "[No Variations]"
Change component parameters (AddParameter): Name = "Manufacturer PN"; Value = ""; VariantName = "[No Variations]"
Change component parameters (AddParameter): Name = "Mounting Type"; Value = "Surface Mount"; VariantName = "[No Variations]"
Change component parameters (AddParameter): Name = "Price"; Value = ""; VariantName = "[No Variations]"
Change component parameters (AddParameter): Name = "Storage Location"; Value = "ProtoPlace"; VariantName = "[No Variations]"
Change component parameters (AddParameter): Name = "Supplier"; Value = "ECE Dept"; VariantName = "[No Variations]"
Change component parameters (AddParameter): Name = "Supplier 1"; Value = "Digi-Key"; VariantName = "[No Variations]"
Change component parameters (AddParameter): Name = "Supplier 2"; Value = "Farnell"; VariantName = "[No Variations]"
Change component parameters (AddParameter): Name = "Supplier Part Number 1"; Value = "952-1478-2-ND"; VariantName = "[No Variations]"
Change component parameters (AddParameter): Name = "Supplier Part Number 2"; Value = "1826282"; VariantName = "[No Variations]"
Change component parameters (AddParameter): Name = "Type"; Value = "PC Test Point"; VariantName = "[No Variations]"
Change component parameters (AddParameter): Name = "Value"; Value = "TP"; VariantName = "[No Variations]"
Change component parameters (AddParameter): Name = "Verify"; Value = ""; VariantName = "[No Variations]"
Change component parameters: Designator = "USB_DET1"; Footprint = "TP_1206"; UniqueID = "\HLSYACSS"
Change component parameters. Clean all parameters for all variants
Change component parameters (AddParameter): Name = "Manufacturer"; Value = "Harwin Inc"; VariantName = "[No Variations]"
Change component parameters (AddParameter): Name = "Manufacturer Part Number"; Value = "S1751-46R"; VariantName = "[No Variations]"
Change component parameters (AddParameter): Name = "Manufacturer PN"; Value = ""; VariantName = "[No Variations]"
Change component parameters (AddParameter): Name = "Mounting Type"; Value = "Surface Mount"; VariantName = "[No Variations]"
Change component parameters (AddParameter): Name = "Price"; Value = ""; VariantName = "[No Variations]"
Change component parameters (AddParameter): Name = "Storage Location"; Value = "ProtoPlace"; VariantName = "[No Variations]"
Change component parameters (AddParameter): Name = "Supplier"; Value = "ECE Dept"; VariantName = "[No Variations]"
Change component parameters (AddParameter): Name = "Supplier 1"; Value = "Digi-Key"; VariantName = "[No Variations]"
Change component parameters (AddParameter): Name = "Supplier 2"; Value = "Farnell"; VariantName = "[No Variations]"
Change component parameters (AddParameter): Name = "Supplier Part Number 1"; Value = "952-1478-2-ND"; VariantName = "[No Variations]"
Change component parameters (AddParameter): Name = "Supplier Part Number 2"; Value = "1826282"; VariantName = "[No Variations]"
Change component parameters (AddParameter): Name = "Type"; Value = "PC Test Point"; VariantName = "[No Variations]"
Change component parameters (AddParameter): Name = "Value"; Value = "TP"; VariantName = "[No Variations]"
Change component parameters (AddParameter): Name = "Verify"; Value = ""; VariantName = "[No Variations]"
Change component parameters: Designator = "VBATT_IND1"; Footprint = "TP_1206"; UniqueID = "\CVNPFETA"
Change component parameters. Clean all parameters for all variants
Change component parameters (AddParameter): Name = "Manufacturer"; Value = "Harwin Inc"; VariantName = "[No Variations]"
Change component parameters (AddParameter): Name = "Manufacturer Part Number"; Value = "S1751-46R"; VariantName = "[No Variations]"
Change component parameters (AddParameter): Name = "Manufacturer PN"; Value = ""; VariantName = "[No Variations]"
Change component parameters (AddParameter): Name = "Mounting Type"; Value = "Surface Mount"; VariantName = "[No Variations]"
Change component parameters (AddParameter): Name = "Price"; Value = ""; VariantName = "[No Variations]"
Change component parameters (AddParameter): Name = "Storage Location"; Value = "ProtoPlace"; VariantName = "[No Variations]"
Change component parameters (AddParameter): Name = "Supplier"; Value = "ECE Dept"; VariantName = "[No Variations]"
Change component parameters (AddParameter): Name = "Supplier 1"; Value = "Digi-Key"; VariantName = "[No Variations]"
Change component parameters (AddParameter): Name = "Supplier 2"; Value = "Farnell"; VariantName = "[No Variations]"
Change component parameters (AddParameter): Name = "Supplier Part Number 1"; Value = "952-1478-2-ND"; VariantName = "[No Variations]"
Change component parameters (AddParameter): Name = "Supplier Part Number 2"; Value = "1826282"; VariantName = "[No Variations]"
Change component parameters (AddParameter): Name = "Type"; Value = "PC Test Point"; VariantName = "[No Variations]"
Change component parameters (AddParameter): Name = "Value"; Value = "TP"; VariantName = "[No Variations]"
Change component parameters (AddParameter): Name = "Verify"; Value = ""; VariantName = "[No Variations]"
Added Component: Designator=DL2(WL-SMCW0603)
Add component. Clean all parameters for all variants
Add component (AddParameter): Name = "Forward Current If"; Value = "30"; VariantName = "[No Variations]"
Add component (AddParameter): Name = "Forward Voltage"; Value = "2"; VariantName = "[No Variations]"
Add component (AddParameter): Name = "LED Colour"; Value = "Red"; VariantName = "[No Variations]"
Add component (AddParameter): Name = "LED Mounting"; Value = "SMD"; VariantName = "[No Variations]"
Add component (AddParameter): Name = "Lens Shape"; Value = "Rectangular"; VariantName = "[No Variations]"
Add component (AddParameter): Name = "Luminous Intensity"; Value = "250"; VariantName = "[No Variations]"
Add component (AddParameter): Name = "Manufacturer"; Value = "WURTH ELEKTRONIK"; VariantName = "[No Variations]"
Add component (AddParameter): Name = "Manufacturer Part Number"; Value = "150060RS75000"; VariantName = "[No Variations]"
Add component (AddParameter): Name = "Storage Location"; Value = "PCB Assembly WS"; VariantName = "[No Variations]"
Add component (AddParameter): Name = "Supplier"; Value = "ECE Dept"; VariantName = "[No Variations]"
Add component (AddParameter): Name = "Supplier 1"; Value = "Farnell"; VariantName = "[No Variations]"
Add component (AddParameter): Name = "Supplier Part Number 1"; Value = "2322071"; VariantName = "[No Variations]"
Add component (AddParameter): Name = "Viewing Angle"; Value = "140°"; VariantName = "[No Variations]"
Add component (AddParameter): Name = "Wavelength Typ"; Value = "625"; VariantName = "[No Variations]"
Added Component: Designator=R6(RESC1608L)
Add component. Clean all parameters for all variants
Add component (AddParameter): Name = "Storage Location"; Value = "PCB Assembly WS"; VariantName = "[No Variations]"
Add component (AddParameter): Name = "Supplier"; Value = "ECE Dept"; VariantName = "[No Variations]"
Add component (AddParameter): Name = "Value"; Value = "1K3"; VariantName = "[No Variations]"
Added Pin To Net: NetName=NetDL2_1 Pin=DL2-1
Added Pin To Net: NetName=3V3 Pin=DL2-2
Added Pin To Net: NetName=NetDL2_1 Pin=R6-1
Added Pin To Net: NetName=STATUS1 Pin=R6-2
Added Pin To Net: NetName=NetLVL_CON1_3 Pin=U1-34
Added Pin To Net: NetName=NetH-Bridge_1_1 Pin=U1-35
Added Member To Class: ClassName=MCU Member=Component C4 4.7uF
Added Member To Class: ClassName=Power Member=Component C7 22uF
Added Member To Class: ClassName=Power Member=Component C8 22uF
Added Member To Class: ClassName=Power Member=Component C10 10nF
Added Member To Class: ClassName=Power Member=Component C12 2.2uF
Added Member To Class: ClassName=Power Member=Component C13 100nF
Added Member To Class: ClassName=Power Member=Component C15 100nF
Added Member To Class: ClassName=Power Member=Component C16 100nF
Added Member To Class: ClassName=Power Member=Component C18 100nF
Added Member To Class: ClassName=Power Member=Component C20 100nF
Added Member To Class: ClassName=Power Member=Component C21 1uF
Added Member To Class: ClassName=Power Member=Component C23 100nF
Added Member To Class: ClassName=Power Member=Component C25 100nF
Added Member To Class: ClassName=Power Member=Component C26 10uF
Added Member To Class: ClassName=Power Member=Component C28 2.2uF
Added Member To Class: ClassName=Power Member=Component C30 1uF
Added Member To Class: ClassName=Power Member=Component C32 100nF
Added Member To Class: ClassName=MCU Member=Component DL2 Red
Added Member To Class: ClassName=MCU Member=Component H1 Header 5X2 Vert
Added Member To Class: ClassName=Power Member=Component H-Bridge_2 DRV8833
Added Member To Class: ClassName=MCU Member=Component R3 27R
Added Member To Class: ClassName=MCU Member=Component R4 27R
Added Member To Class: ClassName=MCU Member=Component R6 1K3
Added Member To Class: ClassName=Headers Member=Component R7 100K
Added Member To Class: ClassName=Power Member=Component R9 0R
Added Member To Class: ClassName=Power Member=Component R12 0R
Added Member To Class: ClassName=Power Member=Component R14 470K
Added Member To Class: ClassName=Power Member=Component R17 270K
Added Member To Class: ClassName=Power Member=Component R19 10K
Added Member To Class: ClassName=MCU Member=Component Y1 12MHz
Added Rule: Name=Schematic Clearance Constraint
