Removed Pin From Net: NetName=5V Pin=H4-1
Removed Pin From Net: NetName=GND Pin=H4-3
Removed Pin From Net: NetName=VBATT_IN Pin=VBATT_IN-1
Removed Pin From Net: NetName=GND Pin=Y1-2
Removed Pin From Net: NetName=GND Pin=Y1-4
Removed Member From Class: ClassName=TestPoints Member=GPIO_1
Removed Member From Class: ClassName=TestPoints Member=GPIO_2
Removed Member From Class: ClassName=Headers Member=H4
Removed Member From Class: ClassName=TestPoints Member=LED_IN1
Removed Member From Class: ClassName=TestPoints Member=LED_OUT1
Removed Member From Class: ClassName=MCU Member=R7
Removed Member From Class: ClassName=TestPoints Member=VBATT_IN
Change Component Designator: OldDesignator=3V3_1 NewDesignator=1
Change Component Designator: OldDesignator=3V3_2 NewDesignator=5
Change Component Designator: OldDesignator=3V3_REG NewDesignator=2
Change Component Designator: OldDesignator=3V3RF NewDesignator=6
Change Component Designator: OldDesignator=3V3RF_REG NewDesignator=3
Change Component Designator: OldDesignator=5V NewDesignator=4
Change Component Designator: OldDesignator=BUCK NewDesignator=BUCK1
Change Component Designator: OldDesignator=Bumper NewDesignator=Bumper1
Change Component Designator: OldDesignator=C4 NewDesignator=C5
Change Component Designator: OldDesignator=C5 NewDesignator=C6
Change Component Designator: OldDesignator=C6 NewDesignator=C7
Change Component Designator: OldDesignator=C7 NewDesignator=C8
Change Component Designator: OldDesignator=C8 NewDesignator=C9
Change Component Designator: OldDesignator=C9 NewDesignator=C10
Change Component Designator: OldDesignator=C10 NewDesignator=C11
Change Component Designator: OldDesignator=C11 NewDesignator=C12
Change Component Designator: OldDesignator=C12 NewDesignator=C13
Change Component Designator: OldDesignator=C13 NewDesignator=C14
Change Component Designator: OldDesignator=C14 NewDesignator=C15
Change Component Designator: OldDesignator=C15 NewDesignator=C16
Change Component Designator: OldDesignator=C16 NewDesignator=C17
Change Component Designator: OldDesignator=C17 NewDesignator=C18
Change Component Designator: OldDesignator=C18 NewDesignator=C19
Change Component Designator: OldDesignator=C19 NewDesignator=C20
Change Component Designator: OldDesignator=C20 NewDesignator=C21
Change Component Designator: OldDesignator=C21 NewDesignator=C22
Change Component Designator: OldDesignator=C22 NewDesignator=C23
Change Component Designator: OldDesignator=C23 NewDesignator=C24
Change Component Designator: OldDesignator=C24 NewDesignator=C25
Change Component Designator: OldDesignator=C25 NewDesignator=C26
Change Component Designator: OldDesignator=C26 NewDesignator=C27
Change Component Designator: OldDesignator=C27 NewDesignator=C28
Change Component Designator: OldDesignator=C28 NewDesignator=C29
Change Component Designator: OldDesignator=C29 NewDesignator=C30
Change Component Designator: OldDesignator=C30 NewDesignator=C31
Change Component Designator: OldDesignator=C31 NewDesignator=C32
Change Component Designator: OldDesignator=C32 NewDesignator=C4
Change Component Designator: OldDesignator=Erase NewDesignator=Erase1
Change Component Designator: OldDesignator=H3 NewDesignator=H2
Change Component Designator: OldDesignator=H5 NewDesignator=H3
Change Component Designator: OldDesignator=LED_TAPE NewDesignator=LED_TAPE1
Change Component Designator: OldDesignator=LVL_CON NewDesignator=LVL_CON1
Change Component Designator: OldDesignator=M1_A NewDesignator=M1
Change Component Designator: OldDesignator=M1_B NewDesignator=M2
Change Component Designator: OldDesignator=M2_A NewDesignator=M3
Change Component Designator: OldDesignator=M2_B NewDesignator=M4
Change Component Designator: OldDesignator=M3_A NewDesignator=M5
Change Component Designator: OldDesignator=M3_B NewDesignator=M6
Change Component Designator: OldDesignator=MISO NewDesignator=MISO1
Change Component Designator: OldDesignator=MOSI NewDesignator=MOSI1
Change Component Designator: OldDesignator=nRF24 NewDesignator=nRF1
Change Component Designator: OldDesignator=R2 NewDesignator=R3
Change Component Designator: OldDesignator=R3 NewDesignator=R4
Change Component Designator: OldDesignator=R5 NewDesignator=R2
Change Component Designator: OldDesignator=R6 NewDesignator=R5
Change Component Designator: OldDesignator=R7 NewDesignator=R6
Change Component Designator: OldDesignator=R8 NewDesignator=R7
Change Component Designator: OldDesignator=R9 NewDesignator=R8
Change Component Designator: OldDesignator=R10 NewDesignator=R9
Change Component Designator: OldDesignator=R11 NewDesignator=R10
Change Component Designator: OldDesignator=R12 NewDesignator=R11
Change Component Designator: OldDesignator=R13 NewDesignator=R12
Change Component Designator: OldDesignator=R14 NewDesignator=R13
Change Component Designator: OldDesignator=R15 NewDesignator=R14
Change Component Designator: OldDesignator=R16 NewDesignator=R15
Change Component Designator: OldDesignator=R17 NewDesignator=R16
Change Component Designator: OldDesignator=R18 NewDesignator=R17
Change Component Designator: OldDesignator=R19 NewDesignator=R18
Change Component Designator: OldDesignator=R20 NewDesignator=R19
Change Component Designator: OldDesignator=SCK NewDesignator=SCK1
Change Component Designator: OldDesignator=US NewDesignator=US1
Change Component Designator: OldDesignator=USB NewDesignator=USB1
Change Component Designator: OldDesignator=USB_DET NewDesignator=USB_DET1
Change Component Designator: OldDesignator=VBATT_IND NewDesignator=VBATT_IND1
Change Component Designator: OldDesignator=VBATT_OUT NewDesignator=VBATT_OUT1
Change Net Name : Old Net Name=Net3V3RF_REG_3 New Net Name=Net3_3
Change Net Name : Old Net Name=NetBUCK_1 New Net Name=NetBUCK1_1
Change Net Name : Old Net Name=NetBUCK_4 New Net Name=NetBUCK1_4
Change Net Name : Old Net Name=NetBUCK_8 New Net Name=NetBUCK1_8
Change Net Name : Old Net Name=NetBumper_2 New Net Name=NetBumper1_2
Change Net Name : Old Net Name=NetC9_1 New Net Name=NetC10_1
Change Net Name : Old Net Name=NetC11_1 New Net Name=NetC12_1
Change Net Name : Old Net Name=NetC23_1 New Net Name=NetC24_1
Change Net Name : Old Net Name=NetC23_2 New Net Name=NetC24_2
Change Net Name : Old Net Name=NetC26_1 New Net Name=NetC27_1
Change Net Name : Old Net Name=NetC27_1 New Net Name=NetC28_1
Change Net Name : Old Net Name=NetErase_1 New Net Name=NetErase1_1
Change Net Name : Old Net Name=NetR2_2 New Net Name=NetR3_2
Change Net Name : Old Net Name=NetR3_2 New Net Name=NetR4_2
Change Net Name : Old Net Name=NetR5_1 New Net Name=NetR2_1
Change Net Name : Old Net Name=NetR15_1 New Net Name=NetR14_1
Change Net Name : Old Net Name=NetR16_1 New Net Name=NetR15_1
Change Net Name : Old Net Name=NetR17_1 New Net Name=NetR16_1
Change Net Name : Old Net Name=NetR17_2 New Net Name=NetR16_2
Added Pin To Net: NetName=NetH3_2 Pin=H3-2
Added Pin To Net: NetName=NetH3_2 Pin=R2-2
Added Net: Name=NetH3_2
Added Pin To Net: NetName=NetLED_TAPE1_2 Pin=LED_TAPE1-2
Added Pin To Net: NetName=NetLED_TAPE1_2 Pin=LVL_CON1-4
Added Net: Name=NetLED_TAPE1_2
Added Pin To Net: NetName=NetLVL_CON1_3 Pin=LVL_CON1-3
Added Pin To Net: NetName=NetLVL_CON1_3 Pin=U1-33
Added Net: Name=NetLVL_CON1_3
Added Rule: Name=Schematic Clearance Constraint
