Change Component Designator: Old Designator=C1 New Designator=C21
Change Component Designator: Old Designator=C2 New Designator=C22
Change Component Designator: Old Designator=C3 New Designator=C24
Change Component Designator: Old Designator=C4 New Designator=C25
Change Component Designator: Old Designator=C5 New Designator=C26
Change Component Designator: Old Designator=C?? New Designator=C23
Change Component Designator: Old Designator=H1 New Designator=H3
Change Component Designator: Old Designator=H2 New Designator=H4
Change Component Designator: Old Designator=H3 New Designator=H5
Change Component Designator: Old Designator=H4 New Designator=H6
Change Component Designator: Old Designator=H5 New Designator=H7
Change Component Designator: Old Designator=H6 New Designator=H8
Change Component Designator: Old Designator=H7 New Designator=H9
Change Component Designator: Old Designator=L? New Designator=L3
Change Component Designator: Old Designator=R1 New Designator=R8
Change Component Designator: Old Designator=R2 New Designator=R9
Change Component Designator: Old Designator=R3 New Designator=R10
Change Component Designator: Old Designator=R4 New Designator=R11
Change Component Designator: Old Designator=R?? New Designator=R5
Change Component Designator: Old Designator=R?? New Designator=R6
Change Component Designator: Old Designator=R?? New Designator=R7
Change Component Designator: Old Designator=T1 New Designator=T2
Change Component Designator: Old Designator=TP1 New Designator=TP4
Change Component Designator: Old Designator=TP2 New Designator=TP5
Change Component Designator: Old Designator=U1 New Designator=U5
Change Component Designator: Old Designator=U2 New Designator=U4
Change Component Designator: Old Designator=U3 New Designator=U6
Change Component Designator: Old Designator=U4 New Designator=U7
