Change Component Designator: Old Designator=C21 New Designator=C?
Change Component Designator: Old Designator=C22 New Designator=C?
Change Component Designator: Old Designator=C23 New Designator=C?
Change Component Designator: Old Designator=C24 New Designator=C?
Change Component Designator: Old Designator=C25 New Designator=C?
Change Component Designator: Old Designator=C26 New Designator=C?
Change Component Designator: Old Designator=DL1 New Designator=DL?
Change Component Designator: Old Designator=DL2 New Designator=DL?
Change Component Designator: Old Designator=H3 New Designator=H?
Change Component Designator: Old Designator=H4 New Designator=H?
Change Component Designator: Old Designator=H5 New Designator=H?
Change Component Designator: Old Designator=H6 New Designator=H?
Change Component Designator: Old Designator=H7 New Designator=H?
Change Component Designator: Old Designator=H8 New Designator=H?
Change Component Designator: Old Designator=H9 New Designator=H?
Change Component Designator: Old Designator=L3 New Designator=L?
Change Component Designator: Old Designator=R5 New Designator=R?
Change Component Designator: Old Designator=R6 New Designator=R?
Change Component Designator: Old Designator=R7 New Designator=R?
Change Component Designator: Old Designator=R8 New Designator=R?
Change Component Designator: Old Designator=R9 New Designator=R?
Change Component Designator: Old Designator=R10 New Designator=R?
Change Component Designator: Old Designator=R11 New Designator=R?
Change Component Designator: Old Designator=RV1 New Designator=RV?
Change Component Designator: Old Designator=S1 New Designator=S?
Change Component Designator: Old Designator=S2 New Designator=S?
Change Component Designator: Old Designator=T2 New Designator=T?
Change Component Designator: Old Designator=TP4 New Designator=TP?
Change Component Designator: Old Designator=TP5 New Designator=TP?
Change Component Designator: Old Designator=U1 New Designator=U?
Change Component Designator: Old Designator=U2 New Designator=U?
Change Component Designator: Old Designator=U6 New Designator=U?
Change Component Designator: Old Designator=U7 New Designator=U?
Change Component Designator: Old Designator=VR1 New Designator=VR?
Change Component Designator: Old Designator=Y1 New Designator=Y?
